16:20:52.794 [main] INFO  testCases.TC_001_AccountRegistrationTest - ******* Starting TC_001_AccountRegistrationTest ********
16:20:53.309 [main] INFO  testCases.TC_001_AccountRegistrationTest - Clicked on Account link
16:20:53.986 [main] INFO  testCases.TC_001_AccountRegistrationTest - Clicked on Registrer link
16:20:56.981 [main] INFO  testCases.TC_001_AccountRegistrationTest - Clicked on continue
16:20:57.037 [main] INFO  testCases.TC_001_AccountRegistrationTest - ******* Finished TC_001_AccountRegistrationTest ********
16:23:23.997 [main] INFO  testCases.TC_001_AccountRegistrationTest - ******* Starting TC_001_AccountRegistrationTest ********
16:23:24.384 [main] INFO  testCases.TC_001_AccountRegistrationTest - Clicked on Account link
16:23:25.001 [main] INFO  testCases.TC_001_AccountRegistrationTest - Clicked on Registrer link
16:23:28.581 [main] INFO  testCases.TC_001_AccountRegistrationTest - Clicked on continue
16:23:28.635 [main] INFO  testCases.TC_001_AccountRegistrationTest - ******* Finished TC_001_AccountRegistrationTest ********
17:01:03.630 [main] INFO  testCases.TC_001_AccountRegistrationTest - ******* Starting TC_001_AccountRegistrationTest ********
17:01:04.154 [main] INFO  testCases.TC_001_AccountRegistrationTest - Clicked on Account link
17:01:04.764 [main] INFO  testCases.TC_001_AccountRegistrationTest - Clicked on Registrer link
17:01:07.825 [main] INFO  testCases.TC_001_AccountRegistrationTest - Clicked on continue
17:01:07.890 [main] INFO  testCases.TC_001_AccountRegistrationTest - ******* Finished TC_001_AccountRegistrationTest ********
09:01:01.679 [main] INFO  testCases.TC_001_AccountRegistrationTest - ******* Starting TC_001_AccountRegistrationTest ********
09:01:02.023 [main] INFO  testCases.TC_001_AccountRegistrationTest - Clicked on Account link
09:01:02.488 [main] INFO  testCases.TC_001_AccountRegistrationTest - Clicked on Registrer link
09:01:05.463 [main] INFO  testCases.TC_001_AccountRegistrationTest - Clicked on continue
09:01:05.507 [main] INFO  testCases.TC_001_AccountRegistrationTest - ******* Finished TC_001_AccountRegistrationTest ********
09:22:24.158 [main] INFO  testCases.TC_001_AccountRegistrationTest - ******* Starting TC_001_AccountRegistrationTest ********
09:22:24.454 [main] INFO  testCases.TC_001_AccountRegistrationTest - Clicked on Account link
09:22:24.908 [main] INFO  testCases.TC_001_AccountRegistrationTest - Clicked on Registrer link
09:22:27.870 [main] INFO  testCases.TC_001_AccountRegistrationTest - Clicked on continue
09:22:27.919 [main] INFO  testCases.TC_001_AccountRegistrationTest - ******* Finished TC_001_AccountRegistrationTest ********
11:18:48.103 [main] INFO  testCases.TC_001_AccountRegistrationTest - ******* Starting TC_001_AccountRegistrationTest ********
11:18:48.512 [main] INFO  testCases.TC_001_AccountRegistrationTest - Clicked on Account link
11:18:48.969 [main] INFO  testCases.TC_001_AccountRegistrationTest - Clicked on Registrer link
11:18:51.948 [main] INFO  testCases.TC_001_AccountRegistrationTest - Clicked on continue
11:18:51.991 [main] INFO  testCases.TC_001_AccountRegistrationTest - ******* Finished TC_001_AccountRegistrationTest ********
11:28:40.469 [main] INFO  testCases.TC_001_AccountRegistrationTest - ******* Starting TC_001_AccountRegistrationTest ********
11:28:40.671 [main] INFO  testCases.TC_001_AccountRegistrationTest - Clicked on Account link
11:28:41.153 [main] INFO  testCases.TC_001_AccountRegistrationTest - Clicked on Registrer link
11:28:44.154 [main] INFO  testCases.TC_001_AccountRegistrationTest - Clicked on continue
11:28:44.216 [main] INFO  testCases.TC_001_AccountRegistrationTest - ******* Finished TC_001_AccountRegistrationTest ********
11:29:32.869 [main] INFO  testCases.TC_001_AccountRegistrationTest - ******* Starting TC_001_AccountRegistrationTest ********
11:29:33.238 [main] INFO  testCases.TC_001_AccountRegistrationTest - Clicked on Account link
11:29:33.689 [main] INFO  testCases.TC_001_AccountRegistrationTest - Clicked on Registrer link
11:29:36.626 [main] INFO  testCases.TC_001_AccountRegistrationTest - Clicked on continue
11:29:36.659 [main] INFO  testCases.TC_001_AccountRegistrationTest - ******* Finished TC_001_AccountRegistrationTest ********
11:33:41.558 [main] INFO  testCases.TC_001_AccountRegistrationTest - ******* Starting TC_001_AccountRegistrationTest ********
11:33:41.927 [main] INFO  testCases.TC_001_AccountRegistrationTest - Clicked on Account link
11:33:42.451 [main] INFO  testCases.TC_001_AccountRegistrationTest - Clicked on Registrer link
11:33:45.389 [main] INFO  testCases.TC_001_AccountRegistrationTest - Clicked on continue
11:33:45.448 [main] INFO  testCases.TC_001_AccountRegistrationTest - ******* Finished TC_001_AccountRegistrationTest ********
